<?xml version="1.0" encoding="UTF-8"?>
<!-- Generated by org.testng.reporters.JUnitXMLReporter -->
<testsuite hostname="MSI" ignored="0" name="Test" tests="7" failures="3" timestamp="06 Mar 2021 06:01:48 GMT" time="0.074" errors="0">
  <testcase name="ip" time="0.006" classname="org.test.Test1"/>
  <testcase name="man" time="0.003" classname="org.test.Test1">
    <failure type="java.lang.AssertionError" message="expected [true] but found [false]">
      <![CDATA[java.lang.AssertionError: expected [true] but found [false]
at org.test.Test1.man(Test1.java:18)
... Removed 29 stack frames]]>
    </failure>
  </testcase> <!-- man -->
  <testcase name="man" time="0.001" classname="org.test.Test1">
    <failure type="java.lang.AssertionError" message="expected [true] but found [false]">
      <![CDATA[java.lang.AssertionError: expected [true] but found [false]
at org.test.Test1.man(Test1.java:18)
... Removed 29 stack frames]]>
    </failure>
  </testcase> <!-- man -->
  <testcase name="man" time="0.001" classname="org.test.Test1">
    <failure type="java.lang.AssertionError" message="expected [true] but found [false]">
      <![CDATA[java.lang.AssertionError: expected [true] but found [false]
at org.test.Test1.man(Test1.java:18)
... Removed 29 stack frames]]>
    </failure>
  </testcase> <!-- man -->
  <testcase name="genesis" time="0.001" classname="org.test.Ng"/>
  <testcase name="lession" time="0.001" classname="org.test.Ng"/>
  <testcase name="who" time="0.002" classname="org.test.Ng"/>
</testsuite> <!-- Test -->
