<?xml version="1.0" encoding="UTF-8"?>
<!-- Generated by org.testng.reporters.JUnitXMLReporter -->
<testsuite hostname="MSI" ignored="1" name="Test(failed)" tests="3" failures="3" timestamp="06 Mar 2021 07:10:46 GMT" time="0.028" errors="0">
  <testcase name="man" time="0.008" classname="org.test.Test1">
    <failure type="java.lang.AssertionError" message="expected [true] but found [false]">
      <![CDATA[java.lang.AssertionError: expected [true] but found [false]
at org.test.Test1.man(Test1.java:18)
... Removed 29 stack frames]]>
    </failure>
  </testcase> <!-- man -->
  <testcase name="man" time="0.001" classname="org.test.Test1">
    <failure type="java.lang.AssertionError" message="expected [true] but found [false]">
      <![CDATA[java.lang.AssertionError: expected [true] but found [false]
at org.test.Test1.man(Test1.java:18)
... Removed 29 stack frames]]>
    </failure>
  </testcase> <!-- man -->
  <testcase name="man" time="0.001" classname="org.test.Test1">
    <failure type="java.lang.AssertionError" message="expected [true] but found [false]">
      <![CDATA[java.lang.AssertionError: expected [true] but found [false]
at org.test.Test1.man(Test1.java:18)
... Removed 29 stack frames]]>
    </failure>
  </testcase> <!-- man -->
  <testcase name="ip" time="0.0" classname="org.test.Test1">
    <ignored/>
  </testcase> <!-- ip -->
</testsuite> <!-- Test(failed) -->
